{"content": {"suites": {"0": {"status": {"total_pass": 1, "total_skip": 0, "total_xpass": 0, "total_xfail": 0, "total_rerun": 0, "total_fail": 0, "total_error": 0}, "tests": {"0": {"status": "PASS", "message": "", "test_name": "test_add", "rerun": "0"}}, "suite_name": "Intro/test_Pytest_Addition.py"}, "1": {"suite_name": "Intro/test_verification.py", "tests": {"0": {"status": "FAIL", "message": "   AssertionError: Test Failed a+b = b\n   assert (3 + 5) == 6\n", "test_name": "test_m1", "rerun": "0"}}, "status": {"total_pass": 0, "total_skip": 0, "total_xpass": 0, "total_xfail": 0, "total_rerun": 0, "total_fail": 1, "total_error": 0}}, "2": {"suite_name": "ParallelMode_Markers/test_Markers.py", "tests": {"0": {"status": "PASS", "message": "", "test_name": "test_Case1", "rerun": "0"}, "1": {"status": "PASS", "message": "", "test_name": "test_Case2", "rerun": "0"}, "2": {"status": "PASS", "message": "", "test_name": "test_Case3", "rerun": "0"}}, "status": {"total_pass": 3, "total_skip": 0, "total_xpass": 0, "total_xfail": 0, "total_rerun": 0, "total_fail": 0, "total_error": 0}}, "3": {"suite_name": "ParallelMode_Markers/test_Parallel_Webpage_login.py", "tests": {"0": {"status": "FAIL", "message": "   AssertionError: assert 'Facebook \u2013 log in or sign up' == 'facebook'\n     - facebook\n     + Facebook \u2013 log in or sign up\n", "test_name": "test_facebook", "rerun": "0"}, "1": {"status": "FAIL", "message": "   AssertionError: assert 'Instagram' == 'instagram'\n     - instagram\n     ? ^\n     + Instagram\n     ? ^\n", "test_name": "test_instagram", "rerun": "0"}}, "status": {"total_pass": 0, "total_skip": 0, "total_xpass": 0, "total_xfail": 0, "total_rerun": 0, "total_fail": 2, "total_error": 0}}, "4": {"suite_name": "test_Fixtures_Webpage/test_Multiple_Browser.py", "tests": {"0": {"status": "FAIL", "message": "   selenium.common.exceptions.WebDriverException: Message: disconnected: received Inspector.detached event\n     (failed to check if window was closed: disconnected: not connected to DevTools)\n     (Session info: chrome=120.0.6099.225)\n   Stacktrace:\n   \tGetHandleVerifier [0x00007FF7D1C32142+3514994]\n   \t(No symbol) [0x00007FF7D1850CE2]\n   \t(No symbol) [0x00007FF7D16F76AA]\n   \t(No symbol) [0x00007FF7D16E1D04]\n   \t(No symbol) [0x00007FF7D16E1723]\n   \t(No symbol) [0x00007FF7D16E0746]\n   \t(No symbol) [0x00007FF7D16E06EB]\n   \t(No symbol) [0x00007FF7D16DEE3D]\n   \t(No symbol) [0x00007FF7D16DF603]\n   \t(No symbol) [0x00007FF7D16DE026]\n   \t(No symbol) [0x00007FF7D16EEC0F]\n   \t(No symbol) [0x00007FF7D16E02A8]\n   \t(No symbol) [0x00007FF7D16DEE3D]\n   \t(No symbol) [0x00007FF7D16DF603]\n   \t(No symbol) [0x00007FF7D16DE026]\n   \t(No symbol) [0x00007FF7D16E8394]\n   \t(No symbol) [0x00007FF7D16E02A8]\n   \t(No symbol) [0x00007FF7D16DEE3D]\n   \t(No symbol) [0x00007FF7D16DF603]\n   \t(No symbol) [0x00007FF7D16DE026]\n   \t(No symbol) [0x00007FF7D16E55B2]\n   \t(No symbol) [0x00007FF7D16E02A8]\n   \t(No symbol) [0x00007FF7D16DEE3D]\n   \t(No symbol) [0x00007FF7D16DF603]\n   \t(No symbol) [0x00007FF7D16DE026]\n   \t(No symbol) [0x00007FF7D16D5EEA]\n   \t(No symbol) [0x00007FF7D16DD62D]\n   \t(No symbol) [0x00007FF7D16DD1DF]\n   \t(No symbol) [0x00007FF7D16F9931]\n   \t(No symbol) [0x00007FF7D16D040E]\n   \t(No symbol) [0x00007FF7D16CFCAC]\n   \t(No symbol) [0x00007FF7D1770B7C]\n   \t(No symbol) [0x00007FF7D1765D93]\n   \t(No symbol) [0x00007FF7D1734BDC]\n   \t(No symbol) [0x00007FF7D1735C64]\n   \tGetHandleVerifier [0x00007FF7D1C5E16B+3695259]\n   \tGetHandleVerifier [0x00007FF7D1CB6737+4057191]\n   \tGetHandleVerifier [0x00007FF7D1CAE4E3+4023827]\n   \tGetHandleVerifier [0x00007FF7D19804F9+689705]\n   \t(No symbol) [0x00007FF7D185C048]\n   \t(No symbol) [0x00007FF7D1858044]\n   \t(No symbol) [0x00007FF7D18581C9]\n   \t(No symbol) [0x00007FF7D18488C4]\n   \tBaseThreadInitThunk [0x00007FFC21CA257D+29]\n   \tRtlUserThreadStart [0x00007FFC23C8AA58+40]\n", "test_name": "test_google_Chrome", "rerun": "0"}}, "status": {"total_pass": 0, "total_skip": 0, "total_xpass": 0, "total_xfail": 0, "total_rerun": 0, "total_fail": 1, "total_error": 0}}, "5": {"suite_name": "test_Fixtures_Webpage/test_Webpage_Fixture.py", "tests": {"0": {"status": "FAIL", "message": "   selenium.common.exceptions.NoSuchWindowException: Message: no such window: target window already closed\n   from unknown error: web view not found\n     (Session info: chrome=120.0.6099.225)\n   Stacktrace:\n   \tGetHandleVerifier [0x00007FF7D1C32142+3514994]\n   \t(No symbol) [0x00007FF7D1850CE2]\n   \t(No symbol) [0x00007FF7D16F76AA]\n   \t(No symbol) [0x00007FF7D16D0AFD]\n   \t(No symbol) [0x00007FF7D176CB1B]\n   \t(No symbol) [0x00007FF7D178218F]\n   \t(No symbol) [0x00007FF7D1765D93]\n   \t(No symbol) [0x00007FF7D1734BDC]\n   \t(No symbol) [0x00007FF7D1735C64]\n   \tGetHandleVerifier [0x00007FF7D1C5E16B+3695259]\n   \tGetHandleVerifier [0x00007FF7D1CB6737+4057191]\n   \tGetHandleVerifier [0x00007FF7D1CAE4E3+4023827]\n   \tGetHandleVerifier [0x00007FF7D19804F9+689705]\n   \t(No symbol) [0x00007FF7D185C048]\n   \t(No symbol) [0x00007FF7D1858044]\n   \t(No symbol) [0x00007FF7D18581C9]\n   \t(No symbol) [0x00007FF7D18488C4]\n   \tBaseThreadInitThunk [0x00007FFC21CA257D+29]\n   \tRtlUserThreadStart [0x00007FFC23C8AA58+40]\n", "test_name": "test_googlename", "rerun": "0"}}, "status": {"total_pass": 0, "total_skip": 0, "total_xpass": 0, "total_xfail": 0, "total_rerun": 0, "total_fail": 1, "total_error": 0}}, "6": {"suite_name": "test_HTML_output/test_HTML.py", "tests": {"0": {"status": "FAIL", "message": "   AssertionError: assert 'https://www.google.com/' == 'hhhttps://www.google.com/'\n     - hhhttps://www.google.com/\n     ? --\n     + https://www.google.com/\n", "test_name": "test_googleurl", "rerun": "0"}}, "status": {"total_pass": 0, "total_skip": 0, "total_xpass": 0, "total_xfail": 0, "total_rerun": 0, "total_fail": 1, "total_error": 0}}}}, "date": "January 19, 2024", "start_time": 1705645079.546787, "total_suite": 7, "status": "FAIL", "status_list": {"pass": "4", "fail": "6", "skip": "0", "error": "0", "xpass": "0", "xfail": "0", "rerun": "0"}, "total_tests": "10"}